<?xml version="1.0" encoding="UTF-8"?>
<!-- Generated by org.testng.reporters.JUnitReportReporter -->
<testsuite hostname="saibaba-PC" failures="0" tests="3" name="qa.com.orangehrm.tests.LoginPageTest" time="9.439" errors="0" timestamp="09 Nov 2020 11:12:57 GMT" skipped="0">
  <testcase classname="qa.com.orangehrm.tests.LoginPageTest" name="removeframe" time="0.753"/>
  <testcase classname="qa.com.orangehrm.tests.LoginPageTest" name="getloginpagetitle" time="0.027"/>
  <testcase classname="qa.com.orangehrm.tests.LoginPageTest" name="dologin" time="8.659"/>
</testsuite> <!-- qa.com.orangehrm.tests.LoginPageTest -->
