<?xml version="1.0" encoding="UTF-8"?>
<!-- Generated by org.testng.reporters.JUnitReportReporter -->
<testsuite hostname="saibaba-PC" failures="0" tests="3" name="qa.com.orangehrm.tests.LoginPageTest" time="8.480" errors="0" timestamp="10 Nov 2020 12:02:33 GMT" skipped="0">
  <testcase classname="qa.com.orangehrm.tests.LoginPageTest" name="removeframe" time="5.152"/>
  <testcase classname="qa.com.orangehrm.tests.LoginPageTest" name="getloginpagetitle" time="0.020"/>
  <testcase classname="qa.com.orangehrm.tests.LoginPageTest" name="dologin" time="3.308"/>
</testsuite> <!-- qa.com.orangehrm.tests.LoginPageTest -->
