<?xml version="1.0" encoding="UTF-8"?>
<!-- Generated by org.testng.reporters.JUnitReportReporter -->
<testsuite hostname="saibaba-PC" failures="0" tests="3" name="qa.com.orangehrm.tests.LoginPageTest" time="9.328" errors="0" timestamp="04 Nov 2020 08:55:20 GMT" skipped="0">
  <testcase classname="qa.com.orangehrm.tests.LoginPageTest" name="removeframe" time="5.504"/>
  <testcase classname="qa.com.orangehrm.tests.LoginPageTest" name="getloginpagetitle" time="0.055"/>
  <testcase classname="qa.com.orangehrm.tests.LoginPageTest" name="dologin" time="3.769"/>
</testsuite> <!-- qa.com.orangehrm.tests.LoginPageTest -->
