<?xml version="1.0" encoding="UTF-8"?>
<!-- Generated by org.testng.reporters.JUnitReportReporter -->
<testsuite hostname="saibaba-PC" failures="0" tests="2" name="qa.com.orangehrm.tests.PIMPageTest" time="0.305" errors="0" timestamp="12 Nov 2020 13:44:52 GMT" skipped="0">
  <testcase classname="qa.com.orangehrm.tests.PIMPageTest" name="VerifygotoPIMPage" time="0.206"/>
  <testcase classname="qa.com.orangehrm.tests.PIMPageTest" name="verifygetpimlist" time="0.099"/>
</testsuite> <!-- qa.com.orangehrm.tests.PIMPageTest -->
